<?xml version="1.0" encoding="UTF-8"?>
<testsuite xmlns:xsi="http://www.w3.org/2001/XMLSchema-instance" xsi:noNamespaceSchemaLocation="https://maven.apache.org/surefire/maven-surefire-plugin/xsd/surefire-test-report-3.0.xsd" version="3.0" name="examples.ExamplesTest" time="5.818" tests="1" errors="0" skipped="0" failures="0">
  <properties>
[...]
</properties>
  <testcase name="testParallel" classname="examples.ExamplesTest" time="5.783">
    <system-out><![CDATA[22:49:33.559 [main] DEBUG com.intuit.karate.Suite - [config] classpath:karate-config.js
22:49:33.569 [main] INFO  com.intuit.karate.Suite - backed up existing 'target\karate-reports' dir to: target\karate-reports_1774583373564
22:49:33.580 [main] DEBUG com.intuit.karate.Suite - waiting for 2 features to complete
22:49:35.161 [pool-2-thread-4] INFO  com.intuit.karate - karate.env system property was: null 
22:49:35.160 [pool-2-thread-2] INFO  com.intuit.karate - karate.env system property was: null 
22:49:35.160 [pool-2-thread-3] INFO  com.intuit.karate - karate.env system property was: null 
22:49:35.161 [pool-2-thread-1] INFO  com.intuit.karate - karate.env system property was: null 
22:49:35.161 [pool-2-thread-5] INFO  com.intuit.karate - karate.env system property was: null 
22:49:35.841 [pool-2-thread-3] DEBUG com.intuit.karate - request:
1 > POST https://api.demoblaze.com/login
1 > Content-Type: application/json; charset=UTF-8
1 > Content-Length: 50
1 > Host: api.demoblaze.com
1 > Connection: Keep-Alive
1 > User-Agent: Apache-HttpClient/4.5.14 (Java/17.0.3.1)
1 > Accept-Encoding: gzip,deflate
{"username":"testUser","password":"wrongPassword"}

22:49:35.841 [pool-2-thread-2] DEBUG com.intuit.karate - request:
1 > POST https://api.demoblaze.com/login
1 > Content-Type: application/json; charset=UTF-8
1 > Content-Length: 50
1 > Host: api.demoblaze.com
1 > Connection: Keep-Alive
1 > User-Agent: Apache-HttpClient/4.5.14 (Java/17.0.3.1)
1 > Accept-Encoding: gzip,deflate
{"username":"userTest","password":"passwordWrong"}

22:49:35.841 [pool-2-thread-4] DEBUG com.intuit.karate - request:
1 > POST https://api.demoblaze.com/signup
1 > Content-Type: application/json; charset=UTF-8
1 > Content-Length: 53
1 > Host: api.demoblaze.com
1 > Connection: Keep-Alive
1 > User-Agent: Apache-HttpClient/4.5.14 (Java/17.0.3.1)
1 > Accept-Encoding: gzip,deflate
{"username":"user_1774583375385","password":"123456"}

22:49:35.841 [pool-2-thread-1] DEBUG com.intuit.karate - request:
1 > POST https://api.demoblaze.com/login
1 > Content-Type: application/json; charset=UTF-8
1 > Content-Length: 45
1 > Host: api.demoblaze.com
1 > Connection: Keep-Alive
1 > User-Agent: Apache-HttpClient/4.5.14 (Java/17.0.3.1)
1 > Accept-Encoding: gzip,deflate
{"username":"adriandiaz","password":"123456"}

22:49:35.841 [pool-2-thread-5] DEBUG com.intuit.karate - request:
1 > POST https://api.demoblaze.com/signup
1 > Content-Type: application/json; charset=UTF-8
1 > Content-Length: 41
1 > Host: api.demoblaze.com
1 > Connection: Keep-Alive
1 > User-Agent: Apache-HttpClient/4.5.14 (Java/17.0.3.1)
1 > Accept-Encoding: gzip,deflate
{"username":"user","password":"password"}

22:49:36.707 [pool-2-thread-1] DEBUG com.intuit.karate - response time in milliseconds: 860
1 < 200
1 < content-type: application/json
1 < vary: Accept-Encoding
1 < x-cloud-trace-context: dd4a00e6bcfb541f24cfaf2d6109a946
1 < date: Fri, 27 Mar 2026 03:49:36 GMT
1 < server: Google Frontend
1 < Transfer-Encoding: chunked
"Auth_token: YWRyaWFuZGlhejE3NzUxODM="


22:49:36.708 [pool-2-thread-5] DEBUG com.intuit.karate - response time in milliseconds: 859
1 < 200
1 < content-type: application/json
1 < vary: Accept-Encoding
1 < x-cloud-trace-context: 00d49a657cb96bf810b47b7bbf008f58
1 < date: Fri, 27 Mar 2026 03:49:36 GMT
1 < server: Google Frontend
1 < Transfer-Encoding: chunked
{"errorMessage":"This user already exist."}


22:49:36.708 [pool-2-thread-3] DEBUG com.intuit.karate - response time in milliseconds: 860
1 < 200
1 < content-type: application/json
1 < vary: Accept-Encoding
1 < x-cloud-trace-context: acce45a1771c9d07045fd67fe30c343c
1 < date: Fri, 27 Mar 2026 03:49:36 GMT
1 < server: Google Frontend
1 < Transfer-Encoding: chunked
{"errorMessage":"Wrong password."}


22:49:36.708 [pool-2-thread-2] DEBUG com.intuit.karate - response time in milliseconds: 860
1 < 200
1 < content-type: application/json
1 < vary: Accept-Encoding
1 < x-cloud-trace-context: 242826cf26366558c9b9665311a5cd86
1 < date: Fri, 27 Mar 2026 03:49:36 GMT
1 < server: Google Frontend
1 < Transfer-Encoding: chunked
{"errorMessage":"Wrong password."}


22:49:36.716 [pool-2-thread-1] INFO  com.intuit.karate - [print] "Auth_token: YWRyaWFuZGlhejE3NzUxODM="
 
22:49:36.740 [pool-2-thread-4] DEBUG com.intuit.karate - response time in milliseconds: 898
1 < 200
1 < content-type: application/json
1 < x-cloud-trace-context: 572055b262ccfeb5307edb604d30af28
1 < date: Fri, 27 Mar 2026 03:49:36 GMT
1 < server: Google Frontend
1 < Content-Length: 3
""


22:49:36.760 [pool-2-thread-4] INFO  com.intuit.karate - karate.env system property was: null 
22:49:36.777 [pool-2-thread-4] DEBUG com.intuit.karate - request:
1 > POST https://api.demoblaze.com/signup
1 > Content-Type: application/json; charset=UTF-8
1 > Content-Length: 39
1 > Host: api.demoblaze.com
1 > Connection: Keep-Alive
1 > User-Agent: Apache-HttpClient/4.5.14 (Java/17.0.3.1)
1 > Accept-Encoding: gzip,deflate
{"username":"test","password":"123456"}

22:49:37.035 [pool-2-thread-4] DEBUG com.intuit.karate - response time in milliseconds: 257
1 < 200
1 < content-type: application/json
1 < vary: Accept-Encoding
1 < x-cloud-trace-context: e25d20d900f7e432efc54b84d3b01f4c
1 < date: Fri, 27 Mar 2026 03:49:36 GMT
1 < server: Google Frontend
1 < Transfer-Encoding: chunked
{"errorMessage":"This user already exist."}


---------------------------------------------------------
feature: classpath:examples/login/login.feature
scenarios:  3 | passed:  3 | failed:  0 | time: 4.5400
---------------------------------------------------------

22:49:37.651 [pool-3-thread-1] INFO  com.intuit.karate.Suite - <<pass>> feature 1 of 2 (1 remaining) classpath:examples/login/login.feature
---------------------------------------------------------
feature: classpath:examples/signup/signup.feature
scenarios:  3 | passed:  3 | failed:  0 | time: 3.2998
---------------------------------------------------------

22:49:37.799 [pool-3-thread-1] INFO  com.intuit.karate.Suite - <<pass>> feature 2 of 2 (0 remaining) classpath:examples/signup/signup.feature
Karate version: 1.5.0
======================================================
elapsed:   5.19 | threads:    5 | thread time: 7.84 
features:     2 | skipped:    0 | efficiency: 0.30
scenarios:    6 | passed:     6 | failed: 0
======================================================

HTML report: (paste into browser to view) | Karate version: 1.5.0
file:///C:/Users/Equipo/Downloads/karate-demoblaze/target/karate-reports/karate-summary.html
===================================================================

]]></system-out>
  </testcase>
</testsuite>